Using pre-set license
Built from '2021.3/staging' branch; Version is '2021.3.25f1 (68ef2c4f8861) revision 6876972'; Using compiler version '192829333'; Build Type 'Release'
OS: 'Windows 11  (10.0.22621) 64bit Core' Language: 'en' Physical Memory: 16222 MB
BatchMode: 1, IsHumanControllingUs: 0, StartBugReporterOnCrash: 0, Is64bit: 1, IsPro: 1

COMMAND LINE ARGUMENTS:
C:\Program Files\Unity\Hub\Editor\2021.3.25f1\Editor\Unity.exe
-adb2
-batchMode
-noUpm
-name
AssetImportWorker0
-projectPath
C:/Users/ampfr/WitchyWoods
-logFile
Logs/AssetImportWorker0.log
-srvPort
50061
Successfully changed project path to: C:/Users/ampfr/WitchyWoods
C:/Users/ampfr/WitchyWoods
[UnityMemory] Configuration Parameters - Can be set up in boot.config
    "memorysetup-bucket-allocator-granularity=16"
    "memorysetup-bucket-allocator-bucket-count=8"
    "memorysetup-bucket-allocator-block-size=33554432"
    "memorysetup-bucket-allocator-block-count=8"
    "memorysetup-main-allocator-block-size=16777216"
    "memorysetup-thread-allocator-block-size=16777216"
    "memorysetup-gfx-main-allocator-block-size=16777216"
    "memorysetup-gfx-thread-allocator-block-size=16777216"
    "memorysetup-cache-allocator-block-size=4194304"
    "memorysetup-typetree-allocator-block-size=2097152"
    "memorysetup-profiler-bucket-allocator-granularity=16"
    "memorysetup-profiler-bucket-allocator-bucket-count=8"
    "memorysetup-profiler-bucket-allocator-block-size=33554432"
    "memorysetup-profiler-bucket-allocator-block-count=8"
    "memorysetup-profiler-allocator-block-size=16777216"
    "memorysetup-profiler-editor-allocator-block-size=1048576"
    "memorysetup-temp-allocator-size-main=16777216"
    "memorysetup-job-temp-allocator-block-size=2097152"
    "memorysetup-job-temp-allocator-block-size-background=1048576"
    "memorysetup-job-temp-allocator-reduction-small-platforms=262144"
    "memorysetup-temp-allocator-size-background-worker=32768"
    "memorysetup-temp-allocator-size-job-worker=262144"
    "memorysetup-temp-allocator-size-preload-manager=33554432"
    "memorysetup-temp-allocator-size-nav-mesh-worker=65536"
    "memorysetup-temp-allocator-size-audio-worker=65536"
    "memorysetup-temp-allocator-size-cloud-worker=32768"
    "memorysetup-temp-allocator-size-gi-baking-worker=262144"
    "memorysetup-temp-allocator-size-gfx=262144"
Player connection [40632] Host "[IP] 192.168.0.55 [Port] 0 [Flags] 2 [Guid] 529748823 [EditorId] 529748823 [Version] 1048832 [Id] WindowsEditor(7,DESKTOP-53FISBE) [Debug] 1 [PackageName] WindowsEditor [ProjectName] Editor" joined multi-casting on [225.0.0.222:54997]...

Player connection [40632] Host "[IP] 192.168.0.55 [Port] 0 [Flags] 2 [Guid] 529748823 [EditorId] 529748823 [Version] 1048832 [Id] WindowsEditor(7,DESKTOP-53FISBE) [Debug] 1 [PackageName] WindowsEditor [ProjectName] Editor" joined alternative multi-casting on [225.0.0.222:34997]...

Refreshing native plugins compatible for Editor in 62.01 ms, found 3 plugins.
Preloading 0 native plugins for Editor in 0.00 ms.
Initialize engine version: 2021.3.25f1 (68ef2c4f8861)
[Subsystems] Discovering subsystems at path C:/Program Files/Unity/Hub/Editor/2021.3.25f1/Editor/Data/Resources/UnitySubsystems
[Subsystems] Discovering subsystems at path C:/Users/ampfr/WitchyWoods/Assets
GfxDevice: creating device client; threaded=0; jobified=0
Direct3D:
    Version:  Direct3D 11.0 [level 11.1]
    Renderer: AMD Radeon RX 6600 XT (ID=0x73ff)
    Vendor:   ATI
    VRAM:     8146 MB
    Driver:   31.0.14057.5006
Initialize mono
Mono path[0] = 'C:/Program Files/Unity/Hub/Editor/2021.3.25f1/Editor/Data/Managed'
Mono path[1] = 'C:/Program Files/Unity/Hub/Editor/2021.3.25f1/Editor/Data/MonoBleedingEdge/lib/mono/unityjit-win32'
Mono config path = 'C:/Program Files/Unity/Hub/Editor/2021.3.25f1/Editor/Data/MonoBleedingEdge/etc'
Using monoOptions --debugger-agent=transport=dt_socket,embedding=1,server=y,suspend=n,address=127.0.0.1:56632
Begin MonoManager ReloadAssembly
Registering precompiled unity dll's ...
Register platform support module: C:/Program Files/Unity/Hub/Editor/2021.3.25f1/Editor/Data/PlaybackEngines/WebGLSupport/UnityEditor.WebGL.Extensions.dll
Register platform support module: C:/Program Files/Unity/Hub/Editor/2021.3.25f1/Editor/Data/PlaybackEngines/MacStandaloneSupport/UnityEditor.OSXStandalone.Extensions.dll
Register platform support module: C:/Program Files/Unity/Hub/Editor/2021.3.25f1/Editor/Data/PlaybackEngines/AndroidPlayer/UnityEditor.Android.Extensions.dll
Register platform support module: C:/Program Files/Unity/Hub/Editor/2021.3.25f1/Editor/Data/PlaybackEngines/WindowsStandaloneSupport/UnityEditor.WindowsStandalone.Extensions.dll
Registered in 0.395519 seconds.
Native extension for WindowsStandalone target not found
Native extension for Android target not found
Native extension for OSXStandalone target not found
Native extension for WebGL target not found
Refreshing native plugins compatible for Editor in 58.94 ms, found 3 plugins.
Preloading 0 native plugins for Editor in 0.00 ms.
Mono: successfully reloaded assembly
- Completed reload, in  5.677 seconds
Domain Reload Profiling:
	ReloadAssembly (5678ms)
		BeginReloadAssembly (3809ms)
			ExecutionOrderSort (0ms)
			DisableScriptedObjects (0ms)
			BackupInstance (0ms)
			ReleaseScriptingObjects (0ms)
			CreateAndSetChildDomain (1ms)
		EndReloadAssembly (1175ms)
			LoadAssemblies (3818ms)
			RebuildTransferFunctionScriptingTraits (0ms)
			SetupTypeCache (844ms)
			ReleaseScriptCaches (0ms)
			RebuildScriptCaches (21ms)
			SetupLoadedEditorAssemblies (256ms)
				LogAssemblyErrors (0ms)
				InitializePlatformSupportModulesInManaged (81ms)
				SetLoadedEditorAssemblies (0ms)
				RefreshPlugins (59ms)
				BeforeProcessingInitializeOnLoad (1ms)
				ProcessInitializeOnLoadAttributes (74ms)
				ProcessInitializeOnLoadMethodAttributes (40ms)
				AfterProcessingInitializeOnLoad (0ms)
				EditorAssembliesLoaded (0ms)
			ExecutionOrderSort2 (0ms)
			AwakeInstancesAfterBackupRestoration (0ms)
Platform modules already initialized, skipping
Registering precompiled user dll's ...
Registered in 0.004799 seconds.
Begin MonoManager ReloadAssembly
Symbol file LoadedFromMemory doesn't match image C:\Users\ampfr\WitchyWoods\Library\PackageCache\com.unity.visualscripting@1.8.0\Editor\VisualScripting.Core\Dependencies\YamlDotNet\Unity.VisualScripting.YamlDotNet.dll
Symbol file LoadedFromMemory doesn't match image C:\Users\ampfr\WitchyWoods\Library\PackageCache\com.unity.visualscripting@1.8.0\Editor\VisualScripting.Core\Dependencies\DotNetZip\Unity.VisualScripting.IonicZip.dll
Native extension for WindowsStandalone target not found
Native extension for Android target not found
Native extension for OSXStandalone target not found
Native extension for WebGL target not found
Refreshing native plugins compatible for Editor in 0.39 ms, found 3 plugins.
Preloading 0 native plugins for Editor in 0.00 ms.
Mono: successfully reloaded assembly
- Completed reload, in  4.112 seconds
Domain Reload Profiling:
	ReloadAssembly (4112ms)
		BeginReloadAssembly (98ms)
			ExecutionOrderSort (0ms)
			DisableScriptedObjects (5ms)
			BackupInstance (0ms)
			ReleaseScriptingObjects (0ms)
			CreateAndSetChildDomain (18ms)
		EndReloadAssembly (3892ms)
			LoadAssemblies (2592ms)
			RebuildTransferFunctionScriptingTraits (0ms)
			SetupTypeCache (791ms)
			ReleaseScriptCaches (1ms)
			RebuildScriptCaches (38ms)
			SetupLoadedEditorAssemblies (433ms)
				LogAssemblyErrors (0ms)
				InitializePlatformSupportModulesInManaged (20ms)
				SetLoadedEditorAssemblies (0ms)
				RefreshPlugins (0ms)
				BeforeProcessingInitializeOnLoad (64ms)
				ProcessInitializeOnLoadAttributes (326ms)
				ProcessInitializeOnLoadMethodAttributes (16ms)
				AfterProcessingInitializeOnLoad (6ms)
				EditorAssembliesLoaded (0ms)
			ExecutionOrderSort2 (0ms)
			AwakeInstancesAfterBackupRestoration (5ms)
Platform modules already initialized, skipping
========================================================================
Worker process is ready to serve import requests
Launched and connected shader compiler UnityShaderCompiler.exe after 0.04 seconds
Refreshing native plugins compatible for Editor in 0.54 ms, found 3 plugins.
Preloading 0 native plugins for Editor in 0.00 ms.
Unloading 3055 Unused Serialized files (Serialized files now loaded: 0)
Unloading 24 unused Assets / (341.7 KB). Loaded Objects now: 3522.
Memory consumption went from 114.2 MB to 113.9 MB.
Total: 2.886100 ms (FindLiveObjects: 0.209200 ms CreateObjectMapping: 0.071900 ms MarkObjects: 2.500200 ms  DeleteObjects: 0.104000 ms)

AssetImportParameters requested are different than current active one (requested -> active):
  custom:video-decoder-ogg-theora: a1e56fd34408186e4bbccfd4996cb3dc -> 
  custom:container-muxer-webm: aa71ff27fc2769a1b78a27578f13a17b -> 
  custom:container-demuxer-webm: 4f35f7cbe854078d1ac9338744f61a02 -> 
  custom:video-encoder-webm-vp8: eb34c28f22e8b96e1ab97ce403110664 -> 
  custom:video-codec-MediaFoundation-h265: 746d11721c4dcdbdad8f713fa42b33f4 -> 
  custom:audio-encoder-webm-vorbis: bf7c407c2cedff20999df2af8eb42d56 -> 
  custom:framework-win-MediaFoundation: 216162199b28c13a410421893ffa2e32 -> 
  custom:container-demuxer-ogg: 62fdf1f143b41e24485cea50d1cbac27 -> 
  custom:video-decoder-webm-vp8: 9c59270c3fd7afecdb556c50c9e8de78 -> 
  custom:audio-decoder-ogg-vorbis: bf7c407c2cedff20999df2af8eb42d56 -> 
========================================================================
Received Import Request.
  Time since last request: 1385029.763237 seconds.
  path: Assets/Scripts
  artifactKey: Guid(245c005f5cd7d7543b5a910e766984b2) Importer(815301076,1909f56bfc062723c751e8b465ee728b)
Start importing Assets/Scripts using Guid(245c005f5cd7d7543b5a910e766984b2) Importer(815301076,1909f56bfc062723c751e8b465ee728b)  -> (artifact id: 'e403b6545e06273dc2d10253b6f08078') in 0.013436 seconds 
========================================================================
Received Import Request.
  Time since last request: 2114.987500 seconds.
  path: Assets/Homeless/UI Assets
  artifactKey: Guid(d267d3142cb69f84dbdcace1ad533564) Importer(815301076,1909f56bfc062723c751e8b465ee728b)
Start importing Assets/Homeless/UI Assets using Guid(d267d3142cb69f84dbdcace1ad533564) Importer(815301076,1909f56bfc062723c751e8b465ee728b)  -> (artifact id: 'b562469b5e3ed928d0bd7c2bea2a2a05') in 0.008751 seconds 
========================================================================
Received Import Request.
  Time since last request: 0.998977 seconds.
  path: Assets/Homeless/UI Assets/Item_Icons
  artifactKey: Guid(44d9e602fa6308f4ca47e2290c470cbd) Importer(815301076,1909f56bfc062723c751e8b465ee728b)
Start importing Assets/Homeless/UI Assets/Item_Icons using Guid(44d9e602fa6308f4ca47e2290c470cbd) Importer(815301076,1909f56bfc062723c751e8b465ee728b)  -> (artifact id: 'f81627cf60444bc14ba8d8d2ae2b872d') in 0.007159 seconds 
========================================================================
Received Import Request.
  Time since last request: 0.075217 seconds.
  path: Assets/Homeless/UI Assets/Item_Icons/UI_Icon_Apple.png
  artifactKey: Guid(adaac68d8e5d693499597113889d11d3) Importer(815301076,1909f56bfc062723c751e8b465ee728b)
Start importing Assets/Homeless/UI Assets/Item_Icons/UI_Icon_Apple.png using Guid(adaac68d8e5d693499597113889d11d3) Importer(815301076,1909f56bfc062723c751e8b465ee728b)  -> (artifact id: '677150e7079575bfa584d5c6d1f52f6a') in 0.157953 seconds 
========================================================================
Received Import Request.
  Time since last request: 0.000024 seconds.
  path: Assets/Homeless/UI Assets/Item_Icons/UI_Icon_Clover_Leaf.png
  artifactKey: Guid(7524ab7a7f453474dbfc0e05e8b92539) Importer(815301076,1909f56bfc062723c751e8b465ee728b)
Start importing Assets/Homeless/UI Assets/Item_Icons/UI_Icon_Clover_Leaf.png using Guid(7524ab7a7f453474dbfc0e05e8b92539) Importer(815301076,1909f56bfc062723c751e8b465ee728b)  -> (artifact id: 'efe08c1ddf2ea8fbb98ed0d6c09c5630') in 0.018677 seconds 
========================================================================
Received Import Request.
  Time since last request: 0.000047 seconds.
  path: Assets/Homeless/UI Assets/Item_Icons/UI_Icon_Crown.png
  artifactKey: Guid(87ffe403ed1efd9458e0e74d12890012) Importer(815301076,1909f56bfc062723c751e8b465ee728b)
Start importing Assets/Homeless/UI Assets/Item_Icons/UI_Icon_Crown.png using Guid(87ffe403ed1efd9458e0e74d12890012) Importer(815301076,1909f56bfc062723c751e8b465ee728b)  -> (artifact id: 'e0704476d4561362fb0f90a7e36042bd') in 0.017982 seconds 
========================================================================
Received Import Request.
  Time since last request: 0.000017 seconds.
  path: Assets/Homeless/UI Assets/Item_Icons/UI_Icon_Cheese.png
  artifactKey: Guid(97362c8821fe2f7449927570ad6d4d6a) Importer(815301076,1909f56bfc062723c751e8b465ee728b)
Start importing Assets/Homeless/UI Assets/Item_Icons/UI_Icon_Cheese.png using Guid(97362c8821fe2f7449927570ad6d4d6a) Importer(815301076,1909f56bfc062723c751e8b465ee728b)  -> (artifact id: '3f08a3139a706f22609cd00be44f85dd') in 0.015458 seconds 
========================================================================
Received Import Request.
  Time since last request: 0.000024 seconds.
  path: Assets/Homeless/UI Assets/Item_Icons/UI_Icon_Potion_3.png
  artifactKey: Guid(5aabaadcd5e8dce4296119d032114c28) Importer(815301076,1909f56bfc062723c751e8b465ee728b)
Start importing Assets/Homeless/UI Assets/Item_Icons/UI_Icon_Potion_3.png using Guid(5aabaadcd5e8dce4296119d032114c28) Importer(815301076,1909f56bfc062723c751e8b465ee728b)  -> (artifact id: 'ff98c551a8082dada8bdb7e78807f0d5') in 0.014800 seconds 
========================================================================
Received Import Request.
  Time since last request: 0.000018 seconds.
  path: Assets/Homeless/UI Assets/Item_Icons/UI_Icon_Meat_1.png
  artifactKey: Guid(3df3c7a773f95f5429f29f0c38bee4a1) Importer(815301076,1909f56bfc062723c751e8b465ee728b)
Start importing Assets/Homeless/UI Assets/Item_Icons/UI_Icon_Meat_1.png using Guid(3df3c7a773f95f5429f29f0c38bee4a1) Importer(815301076,1909f56bfc062723c751e8b465ee728b)  -> (artifact id: '5f51cc443309e5b47c76e38d29c63b25') in 0.018523 seconds 
========================================================================
Received Import Request.
  Time since last request: 0.000019 seconds.
  path: Assets/Homeless/UI Assets/Item_Icons/UI_Icon_Hourglass.png
  artifactKey: Guid(f5b592c8f7ef05841877f70aee73a432) Importer(815301076,1909f56bfc062723c751e8b465ee728b)
Start importing Assets/Homeless/UI Assets/Item_Icons/UI_Icon_Hourglass.png using Guid(f5b592c8f7ef05841877f70aee73a432) Importer(815301076,1909f56bfc062723c751e8b465ee728b)  -> (artifact id: '9f24b4108bbf13437e280917c5a7dd7f') in 0.014775 seconds 
========================================================================
Received Import Request.
  Time since last request: 0.000019 seconds.
  path: Assets/Homeless/UI Assets/Item_Icons/UI_Icon_Coin.png
  artifactKey: Guid(fc9d7ac77b80e424d9c6d2890f9af52b) Importer(815301076,1909f56bfc062723c751e8b465ee728b)
Start importing Assets/Homeless/UI Assets/Item_Icons/UI_Icon_Coin.png using Guid(fc9d7ac77b80e424d9c6d2890f9af52b) Importer(815301076,1909f56bfc062723c751e8b465ee728b)  -> (artifact id: 'dff1ce7f5a3c68c26359e123f266b690') in 0.016745 seconds 
========================================================================
Received Import Request.
  Time since last request: 0.000022 seconds.
  path: Assets/Homeless/UI Assets/Item_Icons/UI_Icon_Mushroom.png
  artifactKey: Guid(5343b7115bd89c64982db3f2216a0c0f) Importer(815301076,1909f56bfc062723c751e8b465ee728b)
Start importing Assets/Homeless/UI Assets/Item_Icons/UI_Icon_Mushroom.png using Guid(5343b7115bd89c64982db3f2216a0c0f) Importer(815301076,1909f56bfc062723c751e8b465ee728b)  -> (artifact id: '92a2c67a3393ea9b0a240bdea25927a1') in 0.021239 seconds 
========================================================================
Received Import Request.
  Time since last request: 0.000021 seconds.
  path: Assets/Homeless/UI Assets/Item_Icons/UI_Icon_Journal.png
  artifactKey: Guid(686161071ef7775448055f798bea6d70) Importer(815301076,1909f56bfc062723c751e8b465ee728b)
Start importing Assets/Homeless/UI Assets/Item_Icons/UI_Icon_Journal.png using Guid(686161071ef7775448055f798bea6d70) Importer(815301076,1909f56bfc062723c751e8b465ee728b)  -> (artifact id: 'd7b05941aaab8ed440c4f86163cba627') in 0.015736 seconds 
Editor requested this worker to shutdown with reason: Scaling down because of idle timeout
AssetImportWorker is now disconnected from the server
Process exiting
Exiting without the bug reporter. Application will terminate with return code 0